0 info it worked if it ends with ok
1 verbose cli [ '/Users/laurensvandevyver/.nvm/versions/node/v6.8.0/bin/node',
1 verbose cli   '/Users/laurensvandevyver/.nvm/versions/node/v6.8.0/bin/npm',
1 verbose cli   'run',
1 verbose cli   'copy' ]
2 info using npm@3.10.8
3 info using node@v6.8.0
4 verbose run-script [ 'precopy', 'copy', 'postcopy' ]
5 info lifecycle DOK@0.1.0~precopy: DOK@0.1.0
6 silly lifecycle DOK@0.1.0~precopy: no script for precopy, continuing
7 info lifecycle DOK@0.1.0~copy: DOK@0.1.0
8 verbose lifecycle DOK@0.1.0~copy: unsafe-perm in lifecycle true
9 verbose lifecycle DOK@0.1.0~copy: PATH: /Users/laurensvandevyver/.nvm/versions/node/v6.8.0/lib/node_modules/npm/bin/node-gyp-bin:/Users/laurensvandevyver/OneDrive - Hogeschool West-Vlaanderen/2e jaar/Major III/Dok/Development/DOK/node_modules/.bin:/Users/laurensvandevyver/OneDrive - Hogeschool West-Vlaanderen/2e jaar/Major III/Dok/Development/DOK/node_modules/.bin:/Users/laurensvandevyver/.yarn-config/link/node_modules/.bin:/Users/laurensvandevyver/OneDrive - Hogeschool West-Vlaanderen/2e jaar/Major III/Dok/Development/DOK/node_modules/.bin:/Users/laurensvandevyver/.yarn-config/link/node_modules/.bin:/Users/laurensvandevyver/OneDrive - Hogeschool West-Vlaanderen/2e jaar/Major III/Dok/Development/DOK/bower_components/.bin:/Users/laurensvandevyver/.yarn-config/link/bower_components/.bin:/Users/laurensvandevyver/.nvm/versions/node/v6.8.0/lib/node_modules/yarn/bin/node-gyp-bin:/Users/laurensvandevyver/.nvm/versions/node/v6.8.0/bin:/usr/local/bin:/usr/bin:/bin:/usr/sbin:/sbin
10 verbose lifecycle DOK@0.1.0~copy: CWD: /Users/laurensvandevyver/OneDrive - Hogeschool West-Vlaanderen/2e jaar/Major III/Dok/Development/DOK
11 silly lifecycle DOK@0.1.0~copy: Args: [ '-c', 'copyfiles -u 1 \'./src/**/*.*\' ./dist' ]
12 info lifecycle DOK@0.1.0~copy: Failed to exec copy script
13 verbose stack Error: DOK@0.1.0 copy: `copyfiles -u 1 './src/**/*.*' ./dist`
13 verbose stack spawn ENOENT
13 verbose stack     at ChildProcess.<anonymous> (/Users/laurensvandevyver/.nvm/versions/node/v6.8.0/lib/node_modules/npm/lib/utils/spawn.js:33:16)
13 verbose stack     at emitTwo (events.js:106:13)
13 verbose stack     at ChildProcess.emit (events.js:191:7)
13 verbose stack     at maybeClose (internal/child_process.js:877:16)
13 verbose stack     at Process.ChildProcess._handle.onexit (internal/child_process.js:226:5)
14 verbose pkgid DOK@0.1.0
15 verbose cwd /Users/laurensvandevyver/OneDrive - Hogeschool West-Vlaanderen/2e jaar/Major III/Dok/Development/DOK
16 error Darwin 16.3.0
17 error argv "/Users/laurensvandevyver/.nvm/versions/node/v6.8.0/bin/node" "/Users/laurensvandevyver/.nvm/versions/node/v6.8.0/bin/npm" "run" "copy"
18 error node v6.8.0
19 error npm  v3.10.8
20 error file sh
21 error code ELIFECYCLE
22 error errno ENOENT
23 error syscall spawn
24 error DOK@0.1.0 copy: `copyfiles -u 1 './src/**/*.*' ./dist`
24 error spawn ENOENT
25 error Failed at the DOK@0.1.0 copy script 'copyfiles -u 1 './src/**/*.*' ./dist'.
25 error Make sure you have the latest version of node.js and npm installed.
25 error If you do, this is most likely a problem with the DOK package,
25 error not with npm itself.
25 error Tell the author that this fails on your system:
25 error     copyfiles -u 1 './src/**/*.*' ./dist
25 error You can get information on how to open an issue for this project with:
25 error     npm bugs DOK
25 error Or if that isn't available, you can get their info via:
25 error     npm owner ls DOK
25 error There is likely additional logging output above.
26 verbose exit [ 1, true ]
